=> Booting Puma
=> Rails 5.1.2 application starting in development on http://localhost:3000
=> Run `rails server -h` for more startup options
Puma starting in single mode...
* Version 3.9.1 (ruby 2.4.0-p0), codename: Private Caller
* Min threads: 5, max threads: 5
* Environment: development
* Listening on tcp://0.0.0.0:3000
Use Ctrl-C to stop
Started GET "/" for 127.0.0.1 at 2017-07-08 10:55:05 -0500
Processing by Rails::WelcomeController#index as HTML
  Rendering /home/mtrevino/.rvm/gems/ruby-2.4.0/gems/railties-5.1.2/lib/rails/templates/rails/welcome/index.html.erb
  Rendered /home/mtrevino/.rvm/gems/ruby-2.4.0/gems/railties-5.1.2/lib/rails/templates/rails/welcome/index.html.erb (7.8ms)
Completed 200 OK in 294ms (Views: 29.7ms)


- Gracefully stopping, waiting for requests to finish
=== puma shutdown: 2017-07-08 11:02:39 -0500 ===
- Goodbye!
Exiting
=> Booting Puma
=> Rails 5.1.2 application starting in development on http://localhost:3000
=> Run `rails server -h` for more startup options
Puma starting in single mode...
* Version 3.9.1 (ruby 2.4.0-p0), codename: Private Caller
* Min threads: 5, max threads: 5
* Environment: development
* Listening on tcp://0.0.0.0:3000
Use Ctrl-C to stop
Exiting
=> Booting Puma
=> Rails 5.1.2 application starting in development on http://localhost:3000
=> Run `rails server -h` for more startup options
Puma starting in single mode...
* Version 3.9.1 (ruby 2.4.0-p0), codename: Private Caller
* Min threads: 5, max threads: 5
* Environment: development
* Listening on tcp://0.0.0.0:3000
Use Ctrl-C to stop
Started GET "/" for 127.0.0.1 at 2017-07-08 11:55:05 -0500
Processing by Rails::WelcomeController#index as HTML
  Rendering /home/mtrevino/.rvm/rubies/ruby-2.4.0/lib/ruby/gems/2.4.0/gems/railties-5.1.2/lib/rails/templates/rails/welcome/index.html.erb
  Rendered /home/mtrevino/.rvm/rubies/ruby-2.4.0/lib/ruby/gems/2.4.0/gems/railties-5.1.2/lib/rails/templates/rails/welcome/index.html.erb (2.1ms)
Completed 200 OK in 135ms (Views: 5.0ms)


Started GET "/movies/index" for 127.0.0.1 at 2017-07-08 11:55:10 -0500
Processing by MoviesController#index as HTML
  Rendering movies/index.html.erb within layouts/application
  Rendered movies/index.html.erb within layouts/application (0.3ms)
Completed 200 OK in 1124ms (Views: 1123.3ms)


Started GET "/movies/index" for 127.0.0.1 at 2017-07-08 11:56:01 -0500
Processing by MoviesController#index as HTML
  Rendering movies/index.html.erb within layouts/application
  Rendered movies/index.html.erb within layouts/application (3.8ms)
Completed 500 Internal Server Error in 8ms


  
ActionView::Template::Error (The asset "cachorro.jpg" is not present in the asset pipeline.):
    1: <h1>Movies#index</h1>
    2: 
    3: <%= image_tag "cachorro.jpg" %>
  
app/views/movies/index.html.erb:3:in `_app_views_movies_index_html_erb___3398103845079026073_69864689614500'
Started GET "/movies/index" for 127.0.0.1 at 2017-07-08 12:00:33 -0500
Processing by MoviesController#index as HTML
  Rendering movies/index.html.erb within layouts/application
  Rendered movies/index.html.erb within layouts/application (3.3ms)
Completed 500 Internal Server Error in 7ms


  
ActionView::Template::Error (The asset "cachorro.jpg" is not present in the asset pipeline.):
    1: <h1>Movies#index</h1>
    2: 
    3: <%= asset_path "cachorro.jpg" %>
    4: <%= image_tag "cachorro.jpg" %>
  
app/views/movies/index.html.erb:3:in `_app_views_movies_index_html_erb___3398103845079026073_69864695255880'
Started GET "/movies/index" for 127.0.0.1 at 2017-07-08 12:05:53 -0500
Processing by MoviesController#index as HTML
  Rendering movies/index.html.erb within layouts/application
  Rendered movies/index.html.erb within layouts/application (2.3ms)
Completed 500 Internal Server Error in 6ms


  
ActionView::Template::Error (The asset "cachorro.jpg" is not present in the asset pipeline.):
    1: <h1>Movies#index</h1>
    2: 
    3: <%= image_tag "cachorro.jpg" %>
  
app/views/movies/index.html.erb:3:in `_app_views_movies_index_html_erb___3398103845079026073_69864691748680'
Started POST "/__web_console/repl_sessions/5a244381e7f41782af6da8d079dc6c14/trace" for 127.0.0.1 at 2017-07-08 12:06:12 -0500
Started GET "/movies/index" for 127.0.0.1 at 2017-07-08 12:08:28 -0500
Processing by MoviesController#index as HTML
  Rendering movies/index.html.erb within layouts/application
  Rendered movies/index.html.erb within layouts/application (3.3ms)
Completed 500 Internal Server Error in 8ms


  
ActionView::Template::Error (The asset "cachorro.jpg" is not present in the asset pipeline.):
    1: <h1>Movies#index</h1>
    2: 
    3: <%= image_tag "cachorro.jpg" %>
  
app/views/movies/index.html.erb:3:in `_app_views_movies_index_html_erb___3398103845079026073_37209020'
Started GET "/movies/index" for 127.0.0.1 at 2017-07-08 12:09:13 -0500
Processing by MoviesController#index as HTML
  Rendering movies/index.html.erb within layouts/application
  Rendered movies/index.html.erb within layouts/application (22.8ms)
Completed 200 OK in 45ms (Views: 43.8ms)


Started GET "/movies/index" for 127.0.0.1 at 2017-07-08 12:27:34 -0500
Processing by MoviesController#index as HTML
  Rendering movies/index.html.erb within layouts/application
  Rendered movies/index.html.erb within layouts/application (1.1ms)
Completed 200 OK in 13ms (Views: 12.1ms)


Started GET "/movies/index" for 127.0.0.1 at 2017-07-08 12:45:11 -0500
Processing by MoviesController#index as HTML
  Rendering movies/index.html.erb within layouts/application
  Rendered movies/index.html.erb within layouts/application (1.1ms)
Completed 200 OK in 13ms (Views: 11.8ms)


Started GET "/movies/index" for 127.0.0.1 at 2017-07-08 12:54:50 -0500
Processing by MoviesController#index as HTML
  Rendering movies/index.html.erb within layouts/application
  Rendered movies/index.html.erb within layouts/application (1.2ms)
Completed 200 OK in 14ms (Views: 13.4ms)


Started GET "/movies/index" for 127.0.0.1 at 2017-07-08 13:09:22 -0500
Processing by MoviesController#index as HTML
  Rendering movies/index.html.erb within layouts/application
  Rendered movies/index.html.erb within layouts/application (1.4ms)
Completed 200 OK in 17ms (Views: 16.1ms)


Started GET "/movies/index" for 127.0.0.1 at 2017-07-08 13:10:16 -0500
Processing by MoviesController#index as HTML
  Rendering movies/index.html.erb within layouts/application
  Rendered movies/index.html.erb within layouts/application (1.6ms)
Completed 200 OK in 21ms (Views: 20.8ms)


Started GET "/movies/index" for 127.0.0.1 at 2017-07-08 13:13:06 -0500
Processing by MoviesController#index as HTML
  Rendering movies/index.html.erb within layouts/application
  Rendered movies/index.html.erb within layouts/application (1.6ms)
Completed 200 OK in 18ms (Views: 17.4ms)


Started GET "/movies/index" for 127.0.0.1 at 2017-07-08 13:14:06 -0500
Processing by MoviesController#index as HTML
  Rendering movies/index.html.erb within layouts/application
  Rendered movies/index.html.erb within layouts/application (1.8ms)
Completed 200 OK in 15ms (Views: 14.9ms)


Started GET "/movies/index" for 127.0.0.1 at 2017-07-08 13:15:18 -0500
Processing by MoviesController#index as HTML
  Rendering movies/index.html.erb within layouts/application
  Rendered movies/index.html.erb within layouts/application (1.3ms)
Completed 200 OK in 16ms (Views: 15.6ms)


Started GET "/movies/index" for 127.0.0.1 at 2017-07-08 13:15:43 -0500
Processing by MoviesController#index as HTML
  Rendering movies/index.html.erb within layouts/application
  Rendered movies/index.html.erb within layouts/application (1.5ms)
Completed 200 OK in 17ms (Views: 16.5ms)


